<?xml version="1.0" encoding="UTF-8"?>
<!-- Generated by org.testng.reporters.JUnitReportReporter -->
<testsuite hostname="DESKTOP-DK6U8K1" failures="0" tests="1" name="Facebooklogin.RegisterUser" time="6.306" errors="0" timestamp="2023-12-27T22:24:22 IST" skipped="0">
  <testcase classname="Facebooklogin.RegisterUser" name="regsiterPage" time="6.306"/>
  <system-out/>
</testsuite> <!-- Facebooklogin.RegisterUser -->
