<?xml version="1.0" encoding="UTF-8"?>
<!-- Generated by org.testng.reporters.JUnitReportReporter -->
<testsuite hostname="DESKTOP-DK6U8K1" failures="0" tests="1" name="Guru99.RegPage" time="11.710" errors="0" timestamp="2023-12-27T21:50:05 IST" skipped="0">
  <testcase classname="Guru99.RegPage" name="registerUser" time="11.710"/>
  <system-out/>
</testsuite> <!-- Guru99.RegPage -->
