<?xml version="1.0" encoding="UTF-8"?>
<!-- Generated by org.testng.reporters.JUnitReportReporter -->
<testsuite hostname="DESKTOP-DK6U8K1" failures="0" tests="2" name="ExcelFramework.Demo1" time="18.610" errors="0" timestamp="2023-12-16T15:52:06 IST" skipped="0">
  <testcase classname="ExcelFramework.Demo1" name="registerPage" time="10.920"/>
  <system-out/>
  <testcase classname="ExcelFramework.Demo1" name="registerPage" time="7.690"/>
  <system-out/>
</testsuite> <!-- ExcelFramework.Demo1 -->
